<?xml version="1.0" encoding="utf-8"?><testsuites name="pytest tests"><testsuite name="pytest" errors="0" failures="0" skipped="0" tests="9" time="1.219" timestamp="2026-07-06T09:23:14.384134+00:00" hostname="agent-env-06b6e86c-2c89-4f2d-b343-d9a9c751ce01"><testcase classname="backend.tests.backend_test.TestHealth" name="test_health" time="0.252" /><testcase classname="backend.tests.backend_test.TestFreeScan" name="test_eligibility_fresh_device" time="0.049" /><testcase classname="backend.tests.backend_test.TestFreeScan" name="test_create_and_second_call_blocked" time="0.090" /><testcase classname="backend.tests.backend_test.TestFullReportFlow" name="test_entitlement_sync_dev_mock_unlock" time="0.045" /><testcase classname="backend.tests.backend_test.TestFullReportFlow" name="test_report_without_subscription_returns_402" time="0.043" /><testcase classname="backend.tests.backend_test.TestFullReportFlow" name="test_full_report_generation_and_credit_decrement" time="0.219" /><testcase classname="backend.tests.backend_test.TestFullReportFlow" name="test_panel_brief_costs_2_credits" time="0.128" /><testcase classname="backend.tests.backend_test.TestFullReportFlow" name="test_usage_endpoint" time="0.086" /><testcase classname="backend.tests.backend_test.TestPrivacy" name="test_privacy_delete_removes_reports" time="0.231" /></testsuite></testsuites>